Build started 05/03/2013 18:00:28.
     1>Project "c:\documents and settings\e1002125\mes documents\visual studio 2010\Projects\fram\fram\fram.vcxproj" on node 2 (build target(s)).
     1>InitializeBuildStatus:
         Creating "Debug\fram.unsuccessfulbuild" because "AlwaysCreate" was specified.
       ClCompile:
         c:\Program Files\Microsoft Visual Studio 10.0\VC\bin\CL.exe /c /ZI /nologo /W3 /WX- /Od /Oy- /D WIN32 /D _DEBUG /D _CONSOLE /D _UNICODE /D UNICODE /Gm /EHsc /RTC1 /MDd /GS /fp:precise /Zc:wchar_t /Zc:forScope /Fo"Debug\\" /Fd"Debug\vc100.pdb" /Gd /TP /analyze- /errorReport:prompt program.cpp
         program.cpp
       ManifestResourceCompile:
         All outputs are up-to-date.
       Link:
         c:\Program Files\Microsoft Visual Studio 10.0\VC\bin\link.exe /ERRORREPORT:PROMPT /OUT:"c:\documents and settings\e1002125\mes documents\visual studio 2010\Projects\fram\Debug\fram.exe" /INCREMENTAL /NOLOGO kernel32.lib user32.lib gdi32.lib winspool.lib comdlg32.lib advapi32.lib shell32.lib ole32.lib oleaut32.lib uuid.lib odbc32.lib odbccp32.lib /MANIFEST /ManifestFile:"Debug\fram.exe.intermediate.manifest" /MANIFESTUAC:"level='asInvoker' uiAccess='false'" /DEBUG /PDB:"c:\documents and settings\e1002125\mes documents\visual studio 2010\Projects\fram\Debug\fram.pdb" /SUBSYSTEM:CONSOLE /TLBID:1 /DYNAMICBASE /NXCOMPAT /IMPLIB:"c:\documents and settings\e1002125\mes documents\visual studio 2010\Projects\fram\Debug\fram.lib" /MACHINE:X86 Debug\fram.exe.embed.manifest.res
         Debug\program.obj
       Manifest:
         C:\Program Files\Microsoft SDKs\Windows\v7.0A\bin\mt.exe /nologo /verbose /out:"Debug\fram.exe.embed.manifest" /manifest Debug\fram.exe.intermediate.manifest
         All outputs are up-to-date.
       LinkEmbedManifest:
         All outputs are up-to-date.
         fram.vcxproj -> c:\documents and settings\e1002125\mes documents\visual studio 2010\Projects\fram\Debug\fram.exe
       FinalizeBuildStatus:
         Deleting file "Debug\fram.unsuccessfulbuild".
         Touching "Debug\fram.lastbuildstate".
     1>Done Building Project "c:\documents and settings\e1002125\mes documents\visual studio 2010\Projects\fram\fram\fram.vcxproj" (build target(s)).

Build succeeded.

Time Elapsed 00:00:00.95
